  SortAlgorithm.cpp
D:\vsproject\SortAlgorithm\SortAlgorithm\SortAlgoCompareInstrument.h(27,23): error C7525: inline variables require at least '/std:c++17'
D:\vsproject\SortAlgorithm\SortAlgorithm\SortAlgoCompareInstrument.h(27,23): error C2864: 'SortAlgoCompareInstrument::Default_Test_Number_Count': a static data member with an in-class initializer must have non-volatile const integral type or be specified as 'inline'
D:\vsproject\SortAlgorithm\SortAlgorithm\SortAlgoCompareInstrument.h(27,53): message : type is 'int'
D:\vsproject\SortAlgorithm\SortAlgorithm\SortAlgoCompareInstrument.h(28,23): error C7525: inline variables require at least '/std:c++17'
D:\vsproject\SortAlgorithm\SortAlgorithm\SortAlgoCompareInstrument.h(28,23): error C2864: 'SortAlgoCompareInstrument::Default_Test_MinNumber': a static data member with an in-class initializer must have non-volatile const integral type or be specified as 'inline'
D:\vsproject\SortAlgorithm\SortAlgorithm\SortAlgoCompareInstrument.h(28,49): message : type is 'int'
D:\vsproject\SortAlgorithm\SortAlgorithm\SortAlgoCompareInstrument.h(29,23): error C7525: inline variables require at least '/std:c++17'
D:\vsproject\SortAlgorithm\SortAlgorithm\SortAlgoCompareInstrument.h(29,23): error C2864: 'SortAlgoCompareInstrument::Default_Test_MaxNumber': a static data member with an in-class initializer must have non-volatile const integral type or be specified as 'inline'
D:\vsproject\SortAlgorithm\SortAlgorithm\SortAlgoCompareInstrument.h(29,50): message : type is 'int'
D:\vsproject\SortAlgorithm\SortAlgorithm\InsertionSort.h(23,27): warning C4018: '<': signed/unsigned mismatch
D:\vsproject\SortAlgorithm\SortAlgorithm\BubbleSort.h(1,1): warning C4828: The file contains a character starting at offset 0xc5f that is illegal in the current source character set (codepage 936).
D:\vsproject\SortAlgorithm\SortAlgorithm\SelectionSort.h(23,27): warning C4018: '<': signed/unsigned mismatch
D:\vsproject\SortAlgorithm\SortAlgorithm\SelectionSort.h(28,34): warning C4018: '<': signed/unsigned mismatch
D:\vsproject\SortAlgorithm\SortAlgorithm\QuickSort.h(34,65): warning C4018: '>=': signed/unsigned mismatch
D:\vsproject\SortAlgorithm\SortAlgorithm\QuickSort.h(98,65): warning C4018: '>=': signed/unsigned mismatch
D:\vsproject\SortAlgorithm\SortAlgorithm\QuickSort.h(198,57): warning C4018: '>=': signed/unsigned mismatch
D:\vsproject\SortAlgorithm\SortAlgorithm\SortAlgorithm.cpp(20,9): warning C4810: value of pragma pack(show) == 8
D:\vsproject\SortAlgorithm\SortAlgorithm\SortAlgorithm.cpp(24,9): warning C4810: value of pragma pack(show) == 4
D:\vsproject\SortAlgorithm\SortAlgorithm\SortAlgorithm.cpp(28,9): warning C4810: value of pragma pack(show) == 8
